[11-Mar-2019 13:45:48 UTC] PHP Warning:  require(SQL/connect.php): failed to open stream: No such file or directory in /home/ubuntu/workspace/SQL/loginSQL.php on line 2
[11-Mar-2019 13:45:48 UTC] PHP Stack trace:
[11-Mar-2019 13:45:48 UTC] PHP   1. {main}() /home/ubuntu/workspace/SQL/loginSQL.php:0
[11-Mar-2019 13:45:48 UTC] PHP Fatal error:  require(): Failed opening required 'SQL/connect.php' (include_path='.:/usr/share/php:/usr/share/pear') in /home/ubuntu/workspace/SQL/loginSQL.php on line 2
[11-Mar-2019 13:45:48 UTC] PHP Stack trace:
[11-Mar-2019 13:45:48 UTC] PHP   1. {main}() /home/ubuntu/workspace/SQL/loginSQL.php:0
[11-Mar-2019 13:47:55 UTC] PHP Warning:  require(./SQL/connect.php): failed to open stream: No such file or directory in /home/ubuntu/workspace/SQL/loginSQL.php on line 2
[11-Mar-2019 13:47:55 UTC] PHP Stack trace:
[11-Mar-2019 13:47:55 UTC] PHP   1. {main}() /home/ubuntu/workspace/SQL/loginSQL.php:0
[11-Mar-2019 13:47:55 UTC] PHP Fatal error:  require(): Failed opening required './SQL/connect.php' (include_path='.:/usr/share/php:/usr/share/pear') in /home/ubuntu/workspace/SQL/loginSQL.php on line 2
[11-Mar-2019 13:47:55 UTC] PHP Stack trace:
[11-Mar-2019 13:47:55 UTC] PHP   1. {main}() /home/ubuntu/workspace/SQL/loginSQL.php:0
[11-Mar-2019 13:48:47 UTC] PHP Warning:  mysqli::mysqli(): (HY000/1049): Unknown database 'umatlch' in /home/ubuntu/workspace/SQL/connect.php on line 9
[11-Mar-2019 13:48:47 UTC] PHP Stack trace:
[11-Mar-2019 13:48:47 UTC] PHP   1. {main}() /home/ubuntu/workspace/SQL/loginSQL.php:0
[11-Mar-2019 13:48:47 UTC] PHP   2. require() /home/ubuntu/workspace/SQL/loginSQL.php:2
[11-Mar-2019 13:48:47 UTC] PHP   3. mysqli->mysqli() /home/ubuntu/workspace/SQL/connect.php:9
[11-Mar-2019 13:52:36 UTC] PHP Fatal error:  Call to a member function query() on a non-object in /home/ubuntu/workspace/SQL/register.php on line 5
[11-Mar-2019 13:52:36 UTC] PHP Stack trace:
[11-Mar-2019 13:52:36 UTC] PHP   1. {main}() /home/ubuntu/workspace/SQL/register.php:0
[11-Mar-2019 13:53:38 UTC] PHP Fatal error:  Call to a member function query() on a non-object in /home/ubuntu/workspace/SQL/register.php on line 5
[11-Mar-2019 13:53:38 UTC] PHP Stack trace:
[11-Mar-2019 13:53:38 UTC] PHP   1. {main}() /home/ubuntu/workspace/SQL/register.php:0
[11-Mar-2019 13:53:44 UTC] PHP Fatal error:  Call to a member function query() on a non-object in /home/ubuntu/workspace/SQL/register.php on line 5
[11-Mar-2019 13:53:44 UTC] PHP Stack trace:
[11-Mar-2019 13:53:44 UTC] PHP   1. {main}() /home/ubuntu/workspace/SQL/register.php:0
[11-Mar-2019 13:56:21 UTC] PHP Fatal error:  Call to a member function query() on a non-object in /home/ubuntu/workspace/SQL/register.php on line 5
[11-Mar-2019 13:56:21 UTC] PHP Stack trace:
[11-Mar-2019 13:56:21 UTC] PHP   1. {main}() /home/ubuntu/workspace/SQL/register.php:0
